[20:58:18] [ServerMain/INFO]: [bootstrap] Running Java 21 (OpenJDK 64-Bit Server VM 21.0.8+9-LTS; Eclipse Adoptium Temurin-21.0.8+9) on Windows 11 10.0 (amd64)
[20:58:18] [ServerMain/INFO]: [bootstrap] Loading Paper 1.21-130-master@b1b5d4c (2024-08-10T10:02:42Z) for Minecraft 1.21
[20:58:18] [ServerMain/INFO]: [PluginInitializerManager] Initializing plugins...
[20:58:19] [Paper Plugin Remapper Thread - 2/INFO]: [PluginRemapper] Remapping plugin 'C:\Users\jiris\project\JustShutdown\build\libs\JustShutdown-1.0-SNAPSHOT.jar'...
[20:58:19] [Paper Plugin Remapper Thread - 2/INFO]: [PluginRemapper] Done remapping plugin 'C:\Users\jiris\project\JustShutdown\build\libs\JustShutdown-1.0-SNAPSHOT.jar' in 396ms.
[20:58:19] [ServerMain/INFO]: [PluginInitializerManager] Initialized 1 plugin
[20:58:19] [ServerMain/INFO]: [PluginInitializerManager] Bukkit plugins (1):
 - JustShutdown (1.0-SNAPSHOT)
[20:58:23] [ServerMain/INFO]: Environment: Environment[sessionHost=https://sessionserver.mojang.com, servicesHost=https://api.minecraftservices.com, name=PROD]
[20:58:26] [ServerMain/INFO]: Loaded 1290 recipes
[20:58:26] [ServerMain/INFO]: Loaded 1399 advancements
[20:58:26] [Server thread/INFO]: Starting minecraft server version 1.21
[20:58:26] [Server thread/INFO]: Loading properties
[20:58:26] [Server thread/INFO]: This server is running Paper version 1.21-130-master@b1b5d4c (2024-08-10T10:02:42Z) (Implementing API version 1.21-R0.1-SNAPSHOT)
[20:58:28] [Server thread/INFO]: [spark] This server bundles the spark profiler. For more information please visit https://docs.papermc.io/paper/profiling
[20:58:28] [Server thread/INFO]: Server Ping Player Sample Count: 12
[20:58:28] [Server thread/INFO]: Using 4 threads for Netty based IO
[20:58:28] [Server thread/INFO]: [ChunkTaskScheduler] Chunk system is using 1 I/O threads, 4 worker threads, and population gen parallelism of 4 threads
[20:58:28] [Server thread/INFO]: Default game type: SURVIVAL
[20:58:28] [Server thread/INFO]: Generating keypair
[20:58:28] [Server thread/INFO]: Starting Minecraft server on *:25565
[20:58:28] [Server thread/INFO]: Using default channel type
[20:58:28] [Server thread/INFO]: Paper: Using Java compression from Velocity.
[20:58:28] [Server thread/INFO]: Paper: Using Java cipher from Velocity.
[20:58:29] [Server thread/INFO]: [JustShutdown] Loading server plugin JustShutdown v1.0-SNAPSHOT
[20:58:29] [Server thread/INFO]: Server permissions file permissions.yml is empty, ignoring it
[20:58:29] [Server thread/INFO]: Preparing level "world"
[20:58:29] [Server thread/INFO]: Preparing start region for dimension minecraft:overworld
[20:58:30] [Server thread/INFO]: Time elapsed: 1269 ms
[20:58:30] [Server thread/INFO]: Preparing start region for dimension minecraft:the_nether
[20:58:31] [Server thread/INFO]: Time elapsed: 100 ms
[20:58:31] [Server thread/INFO]: Preparing start region for dimension minecraft:the_end
[20:58:31] [Server thread/INFO]: Time elapsed: 43 ms
[20:58:31] [Server thread/INFO]: [JustShutdown] Enabling JustShutdown v1.0-SNAPSHOT
[20:58:31] [Server thread/INFO]: [spark] Starting background profiler...
[20:58:31] [Server thread/INFO]: [spark] The async-profiler engine is not supported for your os/arch (windows11/amd64), so the built-in Java engine will be used instead.
[20:58:31] [Server thread/INFO]: Done preparing level "world" (2.233s)
[20:58:31] [Server thread/INFO]: Running delayed init tasks
[20:58:31] [Server thread/INFO]: Done (13.792s)! For help, type "help"
[20:58:31] [Server thread/INFO]: Stopping server
[20:58:31] [Server thread/INFO]: [JustShutdown] Disabling JustShutdown v1.0-SNAPSHOT
[20:58:31] [Server thread/INFO]: Saving players
[20:58:31] [Server thread/INFO]: Saving worlds
[20:58:31] [Server thread/INFO]: Saving chunks for level 'ServerLevel[world]'/minecraft:overworld
[20:58:31] [Server thread/INFO]: [ChunkHolderManager] Waiting 60s for chunk system to halt for world 'world'
[20:58:31] [Server thread/INFO]: [ChunkHolderManager] Halted chunk system for world 'world'
[20:58:31] [Server thread/INFO]: [ChunkHolderManager] Saving all chunkholders for world 'world'
[20:58:31] [Server thread/INFO]: [ChunkHolderManager] Saved 49 block chunks, 49 entity chunks, 0 poi chunks in world 'world' in 0.49s
[20:58:32] [Server thread/INFO]: Saving chunks for level 'ServerLevel[world_nether]'/minecraft:the_nether
[20:58:32] [Server thread/INFO]: [ChunkHolderManager] Waiting 60s for chunk system to halt for world 'world_nether'
[20:58:32] [Server thread/INFO]: [ChunkHolderManager] Halted chunk system for world 'world_nether'
[20:58:32] [Server thread/INFO]: [ChunkHolderManager] Saving all chunkholders for world 'world_nether'
[20:58:32] [Server thread/INFO]: [ChunkHolderManager] Saved 49 block chunks, 49 entity chunks, 0 poi chunks in world 'world_nether' in 0.17s
[20:58:32] [Server thread/INFO]: Saving chunks for level 'ServerLevel[world_the_end]'/minecraft:the_end
[20:58:32] [Server thread/INFO]: [ChunkHolderManager] Waiting 60s for chunk system to halt for world 'world_the_end'
[20:58:32] [Server thread/INFO]: [ChunkHolderManager] Halted chunk system for world 'world_the_end'
[20:58:32] [Server thread/INFO]: [ChunkHolderManager] Saving all chunkholders for world 'world_the_end'
[20:58:32] [Server thread/INFO]: [ChunkHolderManager] Saved 49 block chunks, 49 entity chunks, 0 poi chunks in world 'world_the_end' in 0.09s
[20:58:32] [Server thread/INFO]: ThreadedAnvilChunkStorage (world): All chunks are saved
[20:58:32] [Server thread/INFO]: ThreadedAnvilChunkStorage (DIM-1): All chunks are saved
[20:58:32] [Server thread/INFO]: ThreadedAnvilChunkStorage (DIM1): All chunks are saved
[20:58:32] [Server thread/INFO]: ThreadedAnvilChunkStorage: All dimensions are saved
